<?xml version="1.0" encoding="UTF-8"?>
<testng-results ignored="0" total="4" passed="4" failed="0" skipped="0">
  <reporter-output>
  </reporter-output>
  <suite started-at="2025-01-16T08:39:16 IST" name="Suite" finished-at="2025-01-16T08:39:55 IST" duration-ms="38806">
    <groups>
    </groups>
    <test started-at="2025-01-16T08:39:16 IST" name="Test" finished-at="2025-01-16T08:39:55 IST" duration-ms="38806">
      <class name="com.Xsalts.TestCases.NavigationPageTest">
        <test-method is-config="true" signature="loadConfiguration()[pri:0, instance:com.Xsalts.TestCases.NavigationPageTest@46cdf8bd]" started-at="2025-01-16T08:39:16 IST" name="loadConfiguration" finished-at="2025-01-16T08:39:17 IST" duration-ms="47" status="PASS">
          <reporter-output>
          </reporter-output>
        </test-method> <!-- loadConfiguration -->
        <test-method is-config="true" signature="launchApplication()[pri:0, instance:com.Xsalts.TestCases.NavigationPageTest@46cdf8bd]" started-at="2025-01-16T08:39:17 IST" name="launchApplication" finished-at="2025-01-16T08:39:30 IST" duration-ms="13669" status="PASS">
          <reporter-output>
          </reporter-output>
        </test-method> <!-- launchApplication -->
        <test-method signature="getTitle()[pri:0, instance:com.Xsalts.TestCases.NavigationPageTest@46cdf8bd]" started-at="2025-01-16T08:39:30 IST" name="getTitle" finished-at="2025-01-16T08:39:34 IST" duration-ms="3706" status="PASS">
          <reporter-output>
          </reporter-output>
        </test-method> <!-- getTitle -->
        <test-method is-config="true" signature="launchApplication()[pri:0, instance:com.Xsalts.TestCases.NavigationPageTest@46cdf8bd]" started-at="2025-01-16T08:39:34 IST" name="launchApplication" finished-at="2025-01-16T08:39:40 IST" duration-ms="5906" status="PASS">
          <reporter-output>
          </reporter-output>
        </test-method> <!-- launchApplication -->
        <test-method signature="logo()[pri:0, instance:com.Xsalts.TestCases.NavigationPageTest@46cdf8bd]" started-at="2025-01-16T08:39:40 IST" name="logo" finished-at="2025-01-16T08:39:43 IST" duration-ms="3438" status="PASS">
          <reporter-output>
          </reporter-output>
        </test-method> <!-- logo -->
        <test-method is-config="true" signature="launchApplication()[pri:0, instance:com.Xsalts.TestCases.NavigationPageTest@46cdf8bd]" started-at="2025-01-16T08:39:43 IST" name="launchApplication" finished-at="2025-01-16T08:39:48 IST" duration-ms="4698" status="PASS">
          <reporter-output>
          </reporter-output>
        </test-method> <!-- launchApplication -->
        <test-method signature="reLaunch()[pri:0, instance:com.Xsalts.TestCases.NavigationPageTest@46cdf8bd]" started-at="2025-01-16T08:39:48 IST" name="reLaunch" finished-at="2025-01-16T08:39:51 IST" duration-ms="3181" status="PASS">
          <reporter-output>
          </reporter-output>
        </test-method> <!-- reLaunch -->
        <test-method is-config="true" signature="launchApplication()[pri:0, instance:com.Xsalts.TestCases.NavigationPageTest@46cdf8bd]" started-at="2025-01-16T08:39:51 IST" name="launchApplication" finished-at="2025-01-16T08:39:55 IST" duration-ms="3273" status="PASS">
          <reporter-output>
          </reporter-output>
        </test-method> <!-- launchApplication -->
        <test-method signature="verifyLaunch()[pri:0, instance:com.Xsalts.TestCases.NavigationPageTest@46cdf8bd]" started-at="2025-01-16T08:39:55 IST" name="verifyLaunch" finished-at="2025-01-16T08:39:55 IST" duration-ms="60" status="PASS">
          <reporter-output>
          </reporter-output>
        </test-method> <!-- verifyLaunch -->
      </class> <!-- com.Xsalts.TestCases.NavigationPageTest -->
    </test> <!-- Test -->
  </suite> <!-- Suite -->
</testng-results>
